{"C:\\Users\\MariyaSughali\\Desktop\\dictionary\\backend\\controller.js": {"path":"C:\\Users\\MariyaSughali\\Desktop\\dictionary\\backend\\controller.js","statementMap":{"0":{"start":{"line":1,"column":16},"end":{"line":1,"column":34}},"1":{"start":{"line":2,"column":13},"end":{"line":2,"column":28}},"2":{"start":{"line":3,"column":19},"end":{"line":3,"column":41}},"3":{"start":{"line":4,"column":12},"end":{"line":4,"column":25}},"4":{"start":{"line":6,"column":0},"end":{"line":6,"column":16}},"5":{"start":{"line":7,"column":0},"end":{"line":7,"column":27}},"6":{"start":{"line":8,"column":0},"end":{"line":8,"column":51}},"7":{"start":{"line":10,"column":22},"end":{"line":10,"column":49}},"8":{"start":{"line":11,"column":26},"end":{"line":11,"column":57}},"9":{"start":{"line":12,"column":29},"end":{"line":12,"column":63}},"10":{"start":{"line":13,"column":25},"end":{"line":13,"column":55}},"11":{"start":{"line":14,"column":26},"end":{"line":14,"column":57}},"12":{"start":{"line":15,"column":22},"end":{"line":15,"column":49}},"13":{"start":{"line":16,"column":23},"end":{"line":16,"column":51}},"14":{"start":{"line":18,"column":0},"end":{"line":18,"column":33}},"15":{"start":{"line":19,"column":0},"end":{"line":19,"column":43}},"16":{"start":{"line":20,"column":0},"end":{"line":20,"column":59}},"17":{"start":{"line":21,"column":0},"end":{"line":21,"column":41}},"18":{"start":{"line":22,"column":0},"end":{"line":22,"column":43}},"19":{"start":{"line":23,"column":0},"end":{"line":23,"column":35}},"20":{"start":{"line":24,"column":0},"end":{"line":24,"column":41}},"21":{"start":{"line":26,"column":0},"end":{"line":26,"column":21}}},"fnMap":{},"branchMap":{},"s":{"0":1,"1":1,"2":1,"3":1,"4":1,"5":1,"6":1,"7":1,"8":1,"9":1,"10":1,"11":1,"12":1,"13":1,"14":1,"15":1,"16":1,"17":1,"18":1,"19":1,"20":1,"21":1},"f":{},"b":{},"_coverageSchema":"1a1c01bbd47fc00a2c39e90264f33305004495a9","hash":"c22b3419376e6db4c8fce7796619cc6ba08ebd72"}
,"C:\\Users\\MariyaSughali\\Desktop\\dictionary\\backend\\config\\db.js": {"path":"C:\\Users\\MariyaSughali\\Desktop\\dictionary\\backend\\config\\db.js","statementMap":{"0":{"start":{"line":1,"column":17},"end":{"line":1,"column":30}},"1":{"start":{"line":3,"column":13},"end":{"line":9,"column":2}},"2":{"start":{"line":11,"column":0},"end":{"line":11,"column":22}}},"fnMap":{},"branchMap":{},"s":{"0":1,"1":1,"2":1},"f":{},"b":{},"_coverageSchema":"1a1c01bbd47fc00a2c39e90264f33305004495a9","hash":"21745ff046e8e969037a9ee286679c582bca03ea"}
,"C:\\Users\\MariyaSughali\\Desktop\\dictionary\\backend\\routes\\addData.js": {"path":"C:\\Users\\MariyaSughali\\Desktop\\dictionary\\backend\\routes\\addData.js","statementMap":{"0":{"start":{"line":1,"column":16},"end":{"line":1,"column":34}},"1":{"start":{"line":2,"column":15},"end":{"line":2,"column":31}},"2":{"start":{"line":3,"column":13},"end":{"line":3,"column":36}},"3":{"start":{"line":5,"column":0},"end":{"line":33,"column":3}},"4":{"start":{"line":6,"column":56},"end":{"line":6,"column":64}},"5":{"start":{"line":10,"column":25},"end":{"line":10,"column":49}},"6":{"start":{"line":12,"column":17},"end":{"line":15,"column":3}},"7":{"start":{"line":16,"column":22},"end":{"line":16,"column":48}},"8":{"start":{"line":18,"column":22},"end":{"line":18,"column":117}},"9":{"start":{"line":20,"column":2},"end":{"line":32,"column":3}},"10":{"start":{"line":21,"column":19},"end":{"line":26,"column":6}},"11":{"start":{"line":28,"column":4},"end":{"line":28,"column":45}},"12":{"start":{"line":30,"column":4},"end":{"line":30,"column":50}},"13":{"start":{"line":31,"column":4},"end":{"line":31,"column":51}},"14":{"start":{"line":35,"column":0},"end":{"line":35,"column":24}}},"fnMap":{"0":{"name":"(anonymous_0)","decl":{"start":{"line":5,"column":21},"end":{"line":5,"column":22}},"loc":{"start":{"line":5,"column":41},"end":{"line":33,"column":1}},"line":5}},"branchMap":{},"s":{"0":1,"1":1,"2":1,"3":1,"4":0,"5":0,"6":0,"7":0,"8":0,"9":0,"10":0,"11":0,"12":0,"13":0,"14":1},"f":{"0":0},"b":{},"_coverageSchema":"1a1c01bbd47fc00a2c39e90264f33305004495a9","hash":"721a62361751183c98f4ace412aa758f4815518b"}
,"C:\\Users\\MariyaSughali\\Desktop\\dictionary\\backend\\routes\\getData.js": {"path":"C:\\Users\\MariyaSughali\\Desktop\\dictionary\\backend\\routes\\getData.js","statementMap":{"0":{"start":{"line":1,"column":16},"end":{"line":1,"column":34}},"1":{"start":{"line":2,"column":15},"end":{"line":2,"column":31}},"2":{"start":{"line":3,"column":13},"end":{"line":3,"column":36}},"3":{"start":{"line":5,"column":0},"end":{"line":11,"column":3}},"4":{"start":{"line":6,"column":17},"end":{"line":8,"column":3}},"5":{"start":{"line":10,"column":2},"end":{"line":10,"column":24}},"6":{"start":{"line":13,"column":0},"end":{"line":13,"column":24}}},"fnMap":{"0":{"name":"(anonymous_0)","decl":{"start":{"line":5,"column":23},"end":{"line":5,"column":24}},"loc":{"start":{"line":5,"column":43},"end":{"line":11,"column":1}},"line":5}},"branchMap":{},"s":{"0":1,"1":1,"2":1,"3":1,"4":3,"5":3,"6":1},"f":{"0":3},"b":{},"_coverageSchema":"1a1c01bbd47fc00a2c39e90264f33305004495a9","hash":"fa19734d2ed5fad5a61b513f978dfa84c8dcb292"}
,"C:\\Users\\MariyaSughali\\Desktop\\dictionary\\backend\\routes\\getLanguage.js": {"path":"C:\\Users\\MariyaSughali\\Desktop\\dictionary\\backend\\routes\\getLanguage.js","statementMap":{"0":{"start":{"line":1,"column":16},"end":{"line":1,"column":34}},"1":{"start":{"line":2,"column":15},"end":{"line":2,"column":31}},"2":{"start":{"line":3,"column":13},"end":{"line":3,"column":36}},"3":{"start":{"line":5,"column":0},"end":{"line":11,"column":3}},"4":{"start":{"line":6,"column":17},"end":{"line":6,"column":71}},"5":{"start":{"line":8,"column":24},"end":{"line":8,"column":69}},"6":{"start":{"line":8,"column":50},"end":{"line":8,"column":68}},"7":{"start":{"line":10,"column":2},"end":{"line":10,"column":26}},"8":{"start":{"line":13,"column":0},"end":{"line":13,"column":24}}},"fnMap":{"0":{"name":"(anonymous_0)","decl":{"start":{"line":5,"column":27},"end":{"line":5,"column":28}},"loc":{"start":{"line":5,"column":47},"end":{"line":11,"column":1}},"line":5},"1":{"name":"(anonymous_1)","decl":{"start":{"line":8,"column":40},"end":{"line":8,"column":41}},"loc":{"start":{"line":8,"column":50},"end":{"line":8,"column":68}},"line":8}},"branchMap":{},"s":{"0":1,"1":1,"2":1,"3":1,"4":3,"5":3,"6":6,"7":3,"8":1},"f":{"0":3,"1":6},"b":{},"_coverageSchema":"1a1c01bbd47fc00a2c39e90264f33305004495a9","hash":"fd07a00cadba57177adb52587842a42188fd8b5d"}
,"C:\\Users\\MariyaSughali\\Desktop\\dictionary\\backend\\routes\\getcategory.js": {"path":"C:\\Users\\MariyaSughali\\Desktop\\dictionary\\backend\\routes\\getcategory.js","statementMap":{"0":{"start":{"line":1,"column":16},"end":{"line":1,"column":34}},"1":{"start":{"line":2,"column":15},"end":{"line":2,"column":31}},"2":{"start":{"line":3,"column":13},"end":{"line":3,"column":36}},"3":{"start":{"line":5,"column":0},"end":{"line":13,"column":3}},"4":{"start":{"line":6,"column":17},"end":{"line":8,"column":3}},"5":{"start":{"line":10,"column":26},"end":{"line":10,"column":66}},"6":{"start":{"line":10,"column":52},"end":{"line":10,"column":65}},"7":{"start":{"line":12,"column":2},"end":{"line":12,"column":28}},"8":{"start":{"line":15,"column":0},"end":{"line":15,"column":24}}},"fnMap":{"0":{"name":"(anonymous_0)","decl":{"start":{"line":5,"column":27},"end":{"line":5,"column":28}},"loc":{"start":{"line":5,"column":47},"end":{"line":13,"column":1}},"line":5},"1":{"name":"(anonymous_1)","decl":{"start":{"line":10,"column":42},"end":{"line":10,"column":43}},"loc":{"start":{"line":10,"column":52},"end":{"line":10,"column":65}},"line":10}},"branchMap":{},"s":{"0":1,"1":1,"2":1,"3":1,"4":3,"5":3,"6":9,"7":3,"8":1},"f":{"0":3,"1":9},"b":{},"_coverageSchema":"1a1c01bbd47fc00a2c39e90264f33305004495a9","hash":"293cffc8da76be28b49ac35411f308fd045d2be8"}
,"C:\\Users\\MariyaSughali\\Desktop\\dictionary\\backend\\routes\\getsubcategory.js": {"path":"C:\\Users\\MariyaSughali\\Desktop\\dictionary\\backend\\routes\\getsubcategory.js","statementMap":{"0":{"start":{"line":1,"column":16},"end":{"line":1,"column":34}},"1":{"start":{"line":2,"column":15},"end":{"line":2,"column":31}},"2":{"start":{"line":3,"column":13},"end":{"line":3,"column":36}},"3":{"start":{"line":5,"column":0},"end":{"line":15,"column":3}},"4":{"start":{"line":6,"column":19},"end":{"line":6,"column":38}},"5":{"start":{"line":8,"column":17},"end":{"line":11,"column":3}},"6":{"start":{"line":12,"column":29},"end":{"line":12,"column":72}},"7":{"start":{"line":12,"column":55},"end":{"line":12,"column":71}},"8":{"start":{"line":13,"column":2},"end":{"line":13,"column":31}},"9":{"start":{"line":17,"column":0},"end":{"line":17,"column":24}}},"fnMap":{"0":{"name":"(anonymous_0)","decl":{"start":{"line":5,"column":40},"end":{"line":5,"column":41}},"loc":{"start":{"line":5,"column":60},"end":{"line":15,"column":1}},"line":5},"1":{"name":"(anonymous_1)","decl":{"start":{"line":12,"column":45},"end":{"line":12,"column":46}},"loc":{"start":{"line":12,"column":55},"end":{"line":12,"column":71}},"line":12}},"branchMap":{},"s":{"0":1,"1":1,"2":1,"3":1,"4":3,"5":3,"6":3,"7":6,"8":3,"9":1},"f":{"0":3,"1":6},"b":{},"_coverageSchema":"1a1c01bbd47fc00a2c39e90264f33305004495a9","hash":"6cb4034c4f38e67696058dc97ede5af48084b9ed"}
,"C:\\Users\\MariyaSughali\\Desktop\\dictionary\\backend\\routes\\isactive.js": {"path":"C:\\Users\\MariyaSughali\\Desktop\\dictionary\\backend\\routes\\isactive.js","statementMap":{"0":{"start":{"line":1,"column":16},"end":{"line":1,"column":34}},"1":{"start":{"line":2,"column":15},"end":{"line":2,"column":31}},"2":{"start":{"line":3,"column":13},"end":{"line":3,"column":36}},"3":{"start":{"line":5,"column":0},"end":{"line":24,"column":3}},"4":{"start":{"line":6,"column":23},"end":{"line":6,"column":31}},"5":{"start":{"line":7,"column":13},"end":{"line":7,"column":26}},"6":{"start":{"line":9,"column":2},"end":{"line":23,"column":3}},"7":{"start":{"line":10,"column":19},"end":{"line":13,"column":5}},"8":{"start":{"line":15,"column":4},"end":{"line":17,"column":5}},"9":{"start":{"line":16,"column":6},"end":{"line":16,"column":76}},"10":{"start":{"line":19,"column":4},"end":{"line":19,"column":26}},"11":{"start":{"line":21,"column":4},"end":{"line":21,"column":49}},"12":{"start":{"line":22,"column":4},"end":{"line":22,"column":61}},"13":{"start":{"line":26,"column":0},"end":{"line":26,"column":24}}},"fnMap":{"0":{"name":"(anonymous_0)","decl":{"start":{"line":5,"column":28},"end":{"line":5,"column":29}},"loc":{"start":{"line":5,"column":48},"end":{"line":24,"column":1}},"line":5}},"branchMap":{"0":{"loc":{"start":{"line":15,"column":4},"end":{"line":17,"column":5}},"type":"if","locations":[{"start":{"line":15,"column":4},"end":{"line":17,"column":5}},{"start":{},"end":{}}],"line":15}},"s":{"0":1,"1":1,"2":1,"3":1,"4":2,"5":2,"6":2,"7":2,"8":2,"9":1,"10":1,"11":0,"12":0,"13":1},"f":{"0":2},"b":{"0":[1,1]},"_coverageSchema":"1a1c01bbd47fc00a2c39e90264f33305004495a9","hash":"0060264d4f2cb60e5bffc1ffba6f9edd7b12151e"}
,"C:\\Users\\MariyaSughali\\Desktop\\dictionary\\backend\\routes\\updatedata.js": {"path":"C:\\Users\\MariyaSughali\\Desktop\\dictionary\\backend\\routes\\updatedata.js","statementMap":{"0":{"start":{"line":1,"column":16},"end":{"line":1,"column":34}},"1":{"start":{"line":2,"column":15},"end":{"line":2,"column":31}},"2":{"start":{"line":3,"column":13},"end":{"line":3,"column":36}},"3":{"start":{"line":5,"column":0},"end":{"line":39,"column":3}},"4":{"start":{"line":6,"column":56},"end":{"line":6,"column":64}},"5":{"start":{"line":9,"column":25},"end":{"line":9,"column":49}},"6":{"start":{"line":11,"column":2},"end":{"line":38,"column":3}},"7":{"start":{"line":12,"column":19},"end":{"line":15,"column":5}},"8":{"start":{"line":17,"column":24},"end":{"line":17,"column":50}},"9":{"start":{"line":19,"column":24},"end":{"line":19,"column":117}},"10":{"start":{"line":21,"column":25},"end":{"line":26,"column":6}},"11":{"start":{"line":29,"column":4},"end":{"line":33,"column":5}},"12":{"start":{"line":30,"column":6},"end":{"line":32,"column":69}},"13":{"start":{"line":34,"column":4},"end":{"line":34,"column":45}},"14":{"start":{"line":36,"column":4},"end":{"line":36,"column":49}},"15":{"start":{"line":37,"column":4},"end":{"line":37,"column":51}},"16":{"start":{"line":41,"column":0},"end":{"line":41,"column":24}}},"fnMap":{"0":{"name":"(anonymous_0)","decl":{"start":{"line":5,"column":26},"end":{"line":5,"column":27}},"loc":{"start":{"line":5,"column":46},"end":{"line":39,"column":1}},"line":5}},"branchMap":{"0":{"loc":{"start":{"line":29,"column":4},"end":{"line":33,"column":5}},"type":"if","locations":[{"start":{"line":29,"column":4},"end":{"line":33,"column":5}},{"start":{},"end":{}}],"line":29}},"s":{"0":1,"1":1,"2":1,"3":1,"4":1,"5":1,"6":1,"7":1,"8":1,"9":1,"10":1,"11":1,"12":0,"13":1,"14":0,"15":0,"16":1},"f":{"0":1},"b":{"0":[0,1]},"_coverageSchema":"1a1c01bbd47fc00a2c39e90264f33305004495a9","hash":"e7bd3957893659a452b61519506613a0c4f0af1b"}
}
